<?xml version="1.0" encoding="UTF-8"?>
<!-- Generated by org.testng.reporters.JUnitReportReporter -->
<testsuite skipped="0" hostname="DESKTOP-F0G7J5U" name="test.NewDepositTest" tests="1" failures="0" timestamp="2020-07-08T23:23:06 CDT" time="6.637" errors="0">
  <testcase name="userShouldBeAbleToDeposit" time="6.637" classname="test.NewDepositTest"/>
  <system-out/>
</testsuite> <!-- test.NewDepositTest -->
