<?xml version="1.0" encoding="UTF-8"?>
<!-- Generated by org.testng.reporters.JUnitReportReporter -->
<testsuite skipped="1" hostname="DESKTOP-F0G7J5U" name="test.LearnTestNG" tests="2" failures="0" timestamp="2020-07-07T00:14:34 CDT" time="0.009" errors="0">
  <testcase name="c" time="0.009" classname="test.LearnTestNG"/>
  <system-out/>
  <testcase name="d" classname="test.LearnTestNG">
    <skipped/>
  </testcase> <!-- d -->
  <system-out/>
</testsuite> <!-- test.LearnTestNG -->
